{
  "stats": {
    "suites": 1,
    "tests": 1,
    "passes": 1,
    "pending": 0,
    "failures": 0,
    "start": "2021-02-09T14:58:34.679Z",
    "end": "2021-02-09T14:58:55.714Z",
    "duration": 21035,
    "testsRegistered": 1,
    "passPercent": 100,
    "pendingPercent": 0,
    "other": 0,
    "hasOther": false,
    "skipped": 0,
    "hasSkipped": false
  },
  "results": [
    {
      "uuid": "4b1e5da6-4cbc-450f-989b-747f4c6bc22f",
      "title": "",
      "fullFile": "cypress/integration/loginAsAdmin.js",
      "file": "cypress/integration/loginAsAdmin.js",
      "beforeHooks": [],
      "afterHooks": [],
      "tests": [],
      "suites": [
        {
          "uuid": "5ddaf24d-4666-41b2-9bc4-88bed5921af4",
          "title": "Warenext Regression TestSuite",
          "fullFile": "",
          "file": "",
          "beforeHooks": [],
          "afterHooks": [],
          "tests": [
            {
              "title": "Validate that an Admin with correct Credentials can log into the platform",
              "fullTitle": "Warenext Regression TestSuite Validate that an Admin with correct Credentials can log into the platform",
              "timedOut": null,
              "duration": 19527,
              "state": "passed",
              "speed": "slow",
              "pass": true,
              "fail": false,
              "pending": false,
              "context": null,
              "code": "var landingPage = new _LandingPage[\"default\"](); //Open as an Iphone 6 view\n//cy.viewport(320, 568)\n//Open warenext url\n//cy.visit(this.data.baseURL)  \ncy.visit(Cypress.env(\"stagingUrl\")); //Wait for 2 secs\ncy.wait(2000); //Click Continue\n//homePage.getOnboardButton().click({force :true})\n//Login to the application\ncy.loginAdmin({\n  username: this.data.adminUsername,\n  password: this.data.adminPassword\n}); //Wait for 5 secs\ncy.wait(5000); //Validate that Admin user is successfully logged into the app.\n//Check that the spaces logo displays on landing page.\n//landingPage.getOnscreenSuccess().should('be.visible')\n//Check that Dashboard is displayed\nlandingPage.getDashboard().should('be.visible'); //Check that shipment is displayed\nlandingPage.getShipments().should('be.visible'); //Check that Partners is displayed\nlandingPage.getPartners().should('be.visible'); //Check that Settings is displayed\nlandingPage.getSettings().should('be.visible'); //Check that Profile Image is displayed\nlandingPage.getProfile().should('be.visible');",
              "err": {},
              "uuid": "b3279481-c1ed-41ab-a3ec-a5802f9f20b5",
              "parentUUID": "5ddaf24d-4666-41b2-9bc4-88bed5921af4",
              "isHook": false,
              "skipped": false
            }
          ],
          "suites": [],
          "passes": [
            "b3279481-c1ed-41ab-a3ec-a5802f9f20b5"
          ],
          "failures": [],
          "pending": [],
          "skipped": [],
          "duration": 19527,
          "root": false,
          "rootEmpty": false,
          "_timeout": 2000
        }
      ],
      "passes": [],
      "failures": [],
      "pending": [],
      "skipped": [],
      "duration": 0,
      "root": true,
      "rootEmpty": true,
      "_timeout": 2000
    }
  ],
  "meta": {
    "mocha": {
      "version": "7.0.1"
    },
    "mochawesome": {
      "options": {
        "quiet": false,
        "reportFilename": "mochawesome",
        "saveHtml": true,
        "saveJson": true,
        "consoleReporter": "spec",
        "useInlineDiffs": false,
        "code": true
      },
      "version": "6.2.1"
    },
    "marge": {
      "options": null,
      "version": "5.1.0"
    }
  }
}