{
  "stats": {
    "suites": 1,
    "tests": 1,
    "passes": 0,
    "pending": 0,
    "failures": 1,
    "start": "2021-07-24T10:52:52.621Z",
    "end": "2021-07-24T10:53:39.896Z",
    "duration": 47275,
    "testsRegistered": 1,
    "passPercent": 0,
    "pendingPercent": 0,
    "other": 0,
    "hasOther": false,
    "skipped": 0,
    "hasSkipped": false
  },
  "results": [
    {
      "uuid": "550eb615-ca47-4d63-8fd8-fe8867ac2744",
      "title": "",
      "fullFile": "cypress/integration/RegressionTest.js",
      "file": "cypress/integration/RegressionTest.js",
      "beforeHooks": [],
      "afterHooks": [],
      "tests": [],
      "suites": [
        {
          "uuid": "97476c72-654f-4344-8b6b-2267223af389",
          "title": "Instagram Regression Test suite",
          "fullFile": "",
          "file": "",
          "beforeHooks": [],
          "afterHooks": [],
          "tests": [
            {
              "title": "Validate that user with invalid details cannot login to the Instagram successfully",
              "fullTitle": "Instagram Regression Test suite Validate that user with invalid details cannot login to the Instagram successfully",
              "timedOut": null,
              "duration": 42092,
              "state": "failed",
              "speed": null,
              "pass": false,
              "fail": true,
              "pending": false,
              "context": null,
              "code": "//Open Instagram url\nopenBrowser(); //Login\ncy.Login({}); //Assert login with wrong details.\ncy.AssertLoginWrongDetails({});",
              "err": {
                "message": "AssertionError: Timed out retrying after 30000ms: expected '<p#slfErrorAlert>' not to be 'visible'",
                "estack": "AssertionError: Timed out retrying after 30000ms: expected '<p#slfErrorAlert>' not to be 'visible'\n    at Context.eval (https://www.instagram.com/__cypress/tests?p=cypress/support/index.js:182:26)",
                "diff": null
              },
              "uuid": "765f9a97-46d1-47cd-ae61-46143b952f0b",
              "parentUUID": "97476c72-654f-4344-8b6b-2267223af389",
              "isHook": false,
              "skipped": false
            }
          ],
          "suites": [],
          "passes": [],
          "failures": [
            "765f9a97-46d1-47cd-ae61-46143b952f0b"
          ],
          "pending": [],
          "skipped": [],
          "duration": 42092,
          "root": false,
          "rootEmpty": false,
          "_timeout": 2000
        }
      ],
      "passes": [],
      "failures": [],
      "pending": [],
      "skipped": [],
      "duration": 0,
      "root": true,
      "rootEmpty": true,
      "_timeout": 2000
    }
  ],
  "meta": {
    "mocha": {
      "version": "7.0.1"
    },
    "mochawesome": {
      "options": {
        "quiet": false,
        "reportFilename": "mochawesome",
        "saveHtml": true,
        "saveJson": true,
        "consoleReporter": "spec",
        "useInlineDiffs": false,
        "code": true
      },
      "version": "6.2.2"
    },
    "marge": {
      "options": null,
      "version": "5.2.0"
    }
  }
}